client/ExoPlayer-r1.5.11/demo/buildout/outputs/logs/manifest-merger-debug-report.txt
-- Merging decision tree log ---
manifest
ADDED from src/main/AndroidManifest.xml:17:1-61:12
	package
		ADDED from src/main/AndroidManifest.xml:18:5-48
	android:versionName
		ADDED from src/main/AndroidManifest.xml:20:5-33
		INJECTED from src/main/AndroidManifest.xml
		INJECTED from src/main/AndroidManifest.xml
	android:versionCode
		ADDED from src/main/AndroidManifest.xml:19:5-31
		INJECTED from src/main/AndroidManifest.xml
		INJECTED from src/main/AndroidManifest.xml
	xmlns:android
		ADDED from src/main/AndroidManifest.xml:17:11-69
	android:theme
		ADDED from src/main/AndroidManifest.xml:21:5-37
uses-permission#android.permission.INTERNET
ADDED from src/main/AndroidManifest.xml:23:3-64
	android:name
		ADDED from src/main/AndroidManifest.xml:23:20-62
uses-permission#android.permission.READ_EXTERNAL_STORAGE
ADDED from src/main/AndroidManifest.xml:24:3-77
	android:name
		ADDED from src/main/AndroidManifest.xml:24:20-75
uses-sdk
ADDED from src/main/AndroidManifest.xml:26:3-71
MERGED from [ExoPlayer-r1.5.11:library:unspecified] AndroidManifest.xml:24:5-26:41
	android:targetSdkVersion
		ADDED from src/main/AndroidManifest.xml:26:40-69
		INJECTED from src/main/AndroidManifest.xml
		INJECTED from src/main/AndroidManifest.xml
	android:minSdkVersion
		ADDED from src/main/AndroidManifest.xml:26:13-39
		INJECTED from src/main/AndroidManifest.xml
		INJECTED from src/main/AndroidManifest.xml
application
ADDED from src/main/AndroidManifest.xml:28:3-59:17
	android:label
		ADDED from src/main/AndroidManifest.xml:29:7-47
	android:allowBackup
		ADDED from src/main/AndroidManifest.xml:32:7-34
	android:icon
		ADDED from src/main/AndroidManifest.xml:30:7-43
	android:largeHeap
		ADDED from src/main/AndroidManifest.xml:31:7-31
activity#com.google.android.exoplayer.demo.SampleChooserActivity
ADDED from src/main/AndroidManifest.xml:34:5-41:16
	android:label
		ADDED from src/main/AndroidManifest.xml:36:9-49
	android:configChanges
		ADDED from src/main/AndroidManifest.xml:35:9-47
	android:name
		ADDED from src/main/AndroidManifest.xml:34:15-85
intent-filter#android.intent.action.MAIN+android.intent.category.LAUNCHER
ADDED from src/main/AndroidManifest.xml:37:7-40:23
action#android.intent.action.MAIN
ADDED from src/main/AndroidManifest.xml:38:9-60
	android:name
		ADDED from src/main/AndroidManifest.xml:38:17-58
category#android.intent.category.LAUNCHER
ADDED from src/main/AndroidManifest.xml:39:9-68
	android:name
		ADDED from src/main/AndroidManifest.xml:39:19-66
activity#com.google.android.exoplayer.demo.PlayerActivity
ADDED from src/main/AndroidManifest.xml:43:5-57:16
	android:label
		ADDED from src/main/AndroidManifest.xml:46:9-49
	android:launchMode
		ADDED from src/main/AndroidManifest.xml:45:9-39
	android:configChanges
		ADDED from src/main/AndroidManifest.xml:44:9-118
	android:theme
		ADDED from src/main/AndroidManifest.xml:47:9-43
	android:name
		ADDED from src/main/AndroidManifest.xml:43:15-78
intent-filter#android.intent.category.DEFAULT+com.google.android.exoplayer.demo.action.VIEW
ADDED from src/main/AndroidManifest.xml:48:7-56:23
action#com.google.android.exoplayer.demo.action.VIEW
ADDED from src/main/AndroidManifest.xml:49:9-79
	android:name
		ADDED from src/main/AndroidManifest.xml:49:17-77
category#android.intent.category.DEFAULT
ADDED from src/main/AndroidManifest.xml:50:9-67
	android:name
		ADDED from src/main/AndroidManifest.xml:50:19-65
data
ADDED from src/main/AndroidManifest.xml:51:9-38
	android:scheme
		ADDED from src/main/AndroidManifest.xml:51:15-36